<?xml version="1.0" encoding="UTF-8"?>
<!-- Generated by org.testng.reporters.JUnitReportReporter -->
<testsuite hostname="LAPTOP-43J3MGE8" failures="0" tests="1" name="com.db.testLayer.LoginTest" time="91.347" errors="0" timestamp="2022-12-19T12:29:50 IST" skipped="0">
  <testcase classname="com.db.testLayer.LoginTest" name="buyDemoBlaze" time="91.347"/>
  <system-out/>
</testsuite> <!-- com.db.testLayer.LoginTest -->
